TN:
SF:app/Controllers/Http/UrlShortenerController.js
FN:14,(anonymous_0)
FN:37,(anonymous_1)
FNF:2
FNH:2
FNDA:2,(anonymous_0)
FNDA:2,(anonymous_1)
DA:3,1
DA:5,1
DA:15,2
DA:16,2
DA:17,2
DA:18,2
DA:20,2
DA:21,1
DA:24,1
DA:26,0
DA:27,0
DA:38,2
DA:39,2
DA:40,2
DA:41,2
DA:43,2
DA:45,0
DA:46,0
DA:52,1
LF:19
LH:15
BRDA:20,0,0,1
BRDA:20,0,1,1
BRF:2
BRH:2
end_of_record
TN:
SF:app/Middleware/ConvertEmptyStringsToNull.js
FN:4,(anonymous_0)
FN:7,(anonymous_1)
FNF:2
FNH:2
FNDA:8,(anonymous_0)
FNDA:9,(anonymous_1)
DA:5,8
DA:6,5
DA:7,9
DA:13,8
DA:17,1
LF:5
LH:5
BRDA:5,0,0,5
BRDA:5,0,1,3
BRDA:8,1,0,9
BRDA:8,1,1,0
BRF:4
BRH:3
end_of_record
TN:
SF:app/Models/Url.js
FN:7,(anonymous_0)
FN:12,(anonymous_1)
FN:16,(anonymous_2)
FNF:3
FNH:3
FNDA:1,(anonymous_0)
FNDA:5,(anonymous_1)
FNDA:9,(anonymous_2)
DA:4,1
DA:8,1
DA:9,1
DA:13,5
DA:17,9
DA:21,1
LF:6
LH:6
BRF:0
BRH:0
end_of_record
TN:
SF:app/Models/Traits/NoTimestamp.js
FN:4,(anonymous_0)
FN:7,(anonymous_1)
FN:10,(anonymous_2)
FNF:3
FNH:3
FNDA:1,(anonymous_0)
FNDA:15,(anonymous_1)
FNDA:15,(anonymous_2)
DA:5,1
DA:7,15
DA:10,15
DA:16,1
LF:4
LH:4
BRF:0
BRH:0
end_of_record
TN:
SF:app/Repositories/UrlRepository.js
FN:9,(anonymous_0)
FN:18,(anonymous_1)
FNF:2
FNH:2
FNDA:2,(anonymous_0)
FNDA:3,(anonymous_1)
DA:1,1
DA:2,1
DA:10,2
DA:19,3
DA:21,3
DA:22,1
DA:29,3
DA:30,3
DA:31,3
DA:32,3
DA:36,1
LF:11
LH:11
BRDA:21,0,0,1
BRDA:21,0,1,2
BRF:2
BRH:2
end_of_record
TN:
SF:app/Validators/CustomSanitizors.js
FNF:0
FNH:0
LF:0
LH:0
BRF:0
BRH:0
end_of_record
TN:
SF:app/Validators/CustomValidators.js
FN:5,(anonymous_0)
FNF:1
FNH:1
FNDA:6,(anonymous_0)
DA:1,1
DA:3,1
DA:5,1
DA:6,6
DA:8,6
DA:9,1
DA:13,5
DA:14,1
DA:17,4
DA:18,2
DA:21,2
DA:24,1
LF:12
LH:12
BRDA:8,0,0,1
BRDA:8,0,1,5
BRDA:13,1,0,1
BRDA:13,1,1,4
BRDA:17,2,0,2
BRDA:17,2,1,2
BRF:6
BRH:6
end_of_record
TN:
SF:app/Validators/getUrlShortener.js
FN:4,(anonymous_0)
FN:10,(anonymous_1)
FN:16,(anonymous_2)
FN:20,(anonymous_3)
FN:26,(anonymous_4)
FNF:5
FNH:2
FNDA:4,(anonymous_0)
FNDA:4,(anonymous_1)
FNDA:0,(anonymous_2)
FNDA:0,(anonymous_3)
FNDA:0,(anonymous_4)
DA:5,4
DA:11,4
DA:17,0
DA:21,0
DA:27,0
DA:32,1
LF:6
LH:3
BRF:0
BRH:0
end_of_record
TN:
SF:app/Validators/postUrlShortener.js
FN:4,(anonymous_0)
FN:11,(anonymous_1)
FN:18,(anonymous_2)
FN:22,(anonymous_3)
FN:32,(anonymous_4)
FNF:5
FNH:5
FNDA:18,(anonymous_0)
FNDA:24,(anonymous_1)
FNDA:6,(anonymous_2)
FNDA:6,(anonymous_3)
FNDA:4,(anonymous_4)
DA:5,18
DA:12,24
DA:19,6
DA:23,6
DA:33,4
DA:37,1
LF:6
LH:6
BRF:0
BRH:0
end_of_record
TN:
SF:config/app.js
FNF:0
FNH:0
DA:4,1
DA:6,1
LF:2
LH:2
BRF:0
BRH:0
end_of_record
TN:
SF:config/auth.js
FNF:0
FNH:0
DA:4,1
DA:6,1
LF:2
LH:2
BRF:0
BRH:0
end_of_record
TN:
SF:config/bodyParser.js
FNF:0
FNH:0
DA:3,1
LF:1
LH:1
BRF:0
BRH:0
end_of_record
TN:
SF:config/cors.js
FNF:0
FNH:0
DA:3,1
LF:1
LH:1
BRF:0
BRH:0
end_of_record
TN:
SF:config/database.js
FNF:0
FNH:0
DA:4,1
DA:7,1
DA:9,1
LF:3
LH:3
BRF:0
BRH:0
end_of_record
TN:
SF:config/hash.js
FNF:0
FNH:0
DA:4,1
DA:6,1
LF:2
LH:2
BRF:0
BRH:0
end_of_record
TN:
SF:start/app.js
FNF:0
FNH:0
DA:13,1
DA:32,1
DA:48,1
DA:58,1
DA:60,1
LF:5
LH:5
BRF:0
BRH:0
end_of_record
TN:
SF:start/hooks.js
FN:3,(anonymous_0)
FNF:1
FNH:1
FNDA:1,(anonymous_0)
DA:1,1
DA:3,1
DA:4,1
DA:5,1
LF:4
LH:4
BRF:0
BRH:0
end_of_record
TN:
SF:start/kernel.js
FNF:0
FNH:0
DA:4,1
DA:15,1
DA:37,1
DA:52,1
DA:57,1
LF:5
LH:5
BRF:0
BRH:0
end_of_record
TN:
SF:start/routes.js
FNF:0
FNH:0
DA:16,1
LF:1
LH:1
BRF:0
BRH:0
end_of_record
TN:
SF:start/routes/urlShortner.js
FNF:0
FNH:0
DA:2,1
DA:4,1
DA:5,1
LF:3
LH:3
BRF:0
BRH:0
end_of_record
